============================= test session starts ==============================
platform linux -- Python 3.12.12, pytest-9.0.2, pluggy-1.6.0
rootdir: /app
configfile: pyproject.toml
plugins: cov-7.0.0, langsmith-0.7.6, anyio-4.12.1
collected 139 items

tests/integration/test_rag_flow.py ...                                   [  2%]
tests/uat/test_cycle05_uat.py ..                                         [  3%]
tests/uat/test_cycle06_uat.py ..                                         [  5%]
tests/uat/test_memory_safety.py ...                                      [  7%]
tests/uat/test_nemawashi_uat.py ..                                       [  8%]
tests/uat/test_uat_cycle01.py ...                                        [ 10%]
tests/uat/test_uat_cycle02.py .                                          [ 11%]
tests/uat/test_uat_cycle03.py ..                                         [ 12%]
tests/unit/domain_models/test_models.py ...........                      [ 20%]
tests/unit/domain_models/test_politics.py .....                          [ 24%]
tests/unit/domain_models/test_remastered_models.py ...........           [ 32%]
tests/unit/domain_models/test_simulation_models.py .....                 [ 35%]
tests/unit/domain_models/test_state_integration.py .                     [ 36%]
tests/unit/domain_models/test_state_remastered_integration.py ....       [ 39%]
tests/unit/domain_models/test_transcript.py ...                          [ 41%]
tests/unit/test_cli_input.py ...                                         [ 43%]
tests/unit/test_cli_scalability.py .                                     [ 44%]
tests/unit/test_config.py .......                                        [ 49%]
tests/unit/test_core.py ....                                             [ 52%]
tests/unit/test_core_graph.py ...                                        [ 54%]
tests/unit/test_cpo_agent.py ..                                          [ 56%]
tests/unit/test_domain_models.py .......                                 [ 61%]
tests/unit/test_file_service.py ....                                     [ 64%]
tests/unit/test_governance_agent.py .                                    [ 64%]
tests/unit/test_governance_memory.py ..                                  [ 66%]
tests/unit/test_ideator_agent.py ...                                     [ 68%]
tests/unit/test_metrics_logic.py .........                               [ 74%]
tests/unit/test_nemawashi.py ....                                        [ 77%]
tests/unit/test_pdf_generator.py ...                                     [ 79%]
tests/unit/test_rag.py .....                                             [ 83%]
tests/unit/test_rag_errors.py ....                                       [ 86%]
tests/unit/test_rag_refactored.py .                                      [ 87%]
tests/unit/test_simulation_integration.py ..                             [ 88%]
tests/unit/test_simulation_logic.py ........                             [ 94%]
tests/unit/test_tools.py ...                                             [ 96%]
tests/unit/test_ui.py .....                                              [100%]

================================ tests coverage ================================
_______________ coverage: platform linux, python 3.12.12-final-0 _______________

Name                                        Stmts   Miss  Cover   Missing
-------------------------------------------------------------------------
src/__init__.py                                 0      0   100%
src/agents/__init__.py                          6      0   100%
src/agents/base.py                              9      0   100%
src/agents/builder.py                          41      9    78%   28-30, 34, 36, 38, 42-44, 71
src/agents/cpo.py                              44     11    75%   56-58, 75-88, 95-97
src/agents/governance.py                      116     12    90%   107-111, 206, 216-221, 224-225
src/agents/ideator.py                          47     12    74%   31-34, 97-107
src/agents/mixins.py                           23      6    74%   28, 31-35
src/agents/personas.py                         77     10    87%   86-88, 93-94, 103-106, 154-159
src/agents/remastered.py                      170    133    22%   32-33, 37-61, 65-89, 93-117, 121-167, 171-195, 199, 206-207, 211-231, 238-239, 242-255, 262-263, 266-282, 289-290, 293-309, 316-317, 321, 325-352, 355
src/core/__init__.py                            0      0   100%
src/core/config.py                            205      5    98%   416-421, 529
src/core/constants.py                         109      0   100%
src/core/exceptions.py                          6      0   100%
src/core/factory.py                            54     26    52%   29, 32, 36, 40, 44, 48, 52, 56, 60, 64-65, 69, 73, 77, 89-100
src/core/graph.py                              48      4    92%   98-101
src/core/interfaces.py                         26      0   100%
src/core/llm.py                                36      3    92%   19, 29-30
src/core/metrics.py                            17      0   100%
src/core/nemawashi/__init__.py                  5      0   100%
src/core/nemawashi/analytics.py                85     40    53%   28, 35, 38-39, 50, 63, 68-72, 80-84, 94-95, 113-124, 132-145, 149-154
src/core/nemawashi/consensus.py                60     14    77%   29, 34, 54-57, 61, 73-74, 94-95, 112-114, 118-119
src/core/nemawashi/engine.py                   19      1    95%   40
src/core/nemawashi/nomikai.py                  73     22    70%   34-35, 68-82, 88, 93-95, 103, 108
src/core/nemawashi/utils.py                    51     10    80%   35-37, 40-41, 44-45, 58-59, 62
src/core/node_executor.py                      13      3    77%   32-34
src/core/nodes.py                             263    163    38%   40-46, 51, 58-68, 74-90, 94-109, 115-134, 138-153, 159-202, 208-241, 248-260, 269-293, 301-302, 337-345, 374-378, 413-414, 444-450, 455-459, 463, 467-468, 472-485
src/core/renderers/__init__.py                  0      0   100%
src/core/renderers/data_renderer.py            23      3    87%   15, 25-26
src/core/retry_handler.py                      61     24    61%   57-59, 67, 77-100
src/core/services/__init__.py                   0      0   100%
src/core/services/file_service.py              67     21    69%   22-23, 48-49, 64-69, 89-104
src/core/services/pdf_generator.py             49      5    90%   35-36, 41, 52-53
src/core/simulation.py                         58     11    81%   37-38, 51-52, 54-55, 59-60, 65-67
src/core/theme.py                              18      0   100%
src/core/utils.py                              76     33    57%   22-27, 39-40, 72-92, 106-107, 130, 139-141, 145-151
src/core/validators.py                         63     16    75%   24-25, 27-28, 33-34, 42-43, 45-46, 51-52, 62, 69, 89, 96
src/core/workflow_builder.py                   95     20    79%   104-105, 107-108, 111-112, 115, 117, 120-121, 135, 137, 144-145, 162-163, 165-166, 174-175
src/data/__init__.py                            2      0   100%
src/data/rag.py                               292     67    77%   41, 53-54, 61, 64-65, 75-83, 90-91, 96, 101-103, 106-109, 116-117, 122-124, 151-152, 207-208, 220-221, 231-236, 247-248, 253-255, 260, 325, 329-330, 354-355, 366-367, 379, 388, 442, 457-468
src/domain_models/__init__.py                  15      0   100%
src/domain_models/agent_prompt.py              36      4    89%   39-42, 85-88
src/domain_models/alternative_analysis.py      35      4    89%   64-67, 70-71
src/domain_models/common.py                    23      0   100%
src/domain_models/customer_journey.py          38      6    84%   48-51, 54-55, 84-85
src/domain_models/enums.py                     12      0   100%
src/domain_models/experiment_plan.py           36      6    83%   34-37, 76-79, 82-83
src/domain_models/lean_canvas.py               24      0   100%
src/domain_models/mental_model.py              31      8    74%   28-29, 32-35, 56-57, 60-61
src/domain_models/metrics.py                   60      6    90%   121-122, 126-127, 131-132
src/domain_models/mvp.py                       57      8    86%   71-72, 110-111, 115-116, 118-119
src/domain_models/persona.py                   65     14    78%   48-49, 51-52, 106-107, 109-110, 116-117, 119-120, 144-145
src/domain_models/politics.py                  59      3    95%   82, 100, 111
src/domain_models/simulation.py                16      0   100%
src/domain_models/sitemap.py                   46      8    83%   38-39, 74-77, 80-81, 102-103
src/domain_models/state.py                     88     16    82%   86-87, 92-93, 117-138
src/domain_models/transcript.py                22      2    91%   32-33
src/domain_models/validators.py                12      0   100%
src/domain_models/value_proposition.py         43      4    91%   61-62, 80-81
src/tools/__init__.py                           2      0   100%
src/tools/search.py                            34      4    88%   39, 76, 91-92
src/ui/renderer.py                            130     39    70%   22-25, 28-40, 43-45, 48-64, 138, 141-145, 169, 179-185, 205
-------------------------------------------------------------------------
TOTAL                                        3291    816    75%
============================= 139 passed in 26.00s =============================
